<?xml version="1.0" encoding="UTF-8"?>
<testng-results skipped="0" failed="0" ignored="0" total="2" passed="2">
  <reporter-output>
  </reporter-output>
  <suite name="Suite" duration-ms="4313" started-at="2020-08-12T21:16:27 ART" finished-at="2020-08-12T21:16:31 ART">
    <groups>
    </groups>
    <test name="Test" duration-ms="4313" started-at="2020-08-12T21:16:27 ART" finished-at="2020-08-12T21:16:31 ART">
      <class name="Tests.Laboratorio3_E2">
        <test-method status="PASS" signature="setUp()[pri:0, instance:Tests.Laboratorio3_E2@480bdb19]" name="setUp" is-config="true" duration-ms="11769" started-at="2020-08-12T21:16:15 ART" finished-at="2020-08-12T21:16:27 ART">
          <reporter-output>
          </reporter-output>
        </test-method> <!-- setUp -->
        <test-method status="PASS" signature="crearCuentaInvalida()[pri:0, instance:Tests.Laboratorio3_E2@480bdb19]" name="crearCuentaInvalida" duration-ms="2646" started-at="2020-08-12T21:16:27 ART" finished-at="2020-08-12T21:16:29 ART">
          <reporter-output>
          </reporter-output>
        </test-method> <!-- crearCuentaInvalida -->
        <test-method status="PASS" signature="irRegistroLogin()[pri:0, instance:Tests.Laboratorio3_E2@480bdb19]" name="irRegistroLogin" duration-ms="1636" started-at="2020-08-12T21:16:29 ART" finished-at="2020-08-12T21:16:31 ART">
          <reporter-output>
          </reporter-output>
        </test-method> <!-- irRegistroLogin -->
      </class> <!-- Tests.Laboratorio3_E2 -->
    </test> <!-- Test -->
  </suite> <!-- Suite -->
</testng-results>
